<?xml version="1.0" encoding="UTF-8"?>
<!-- Generated by org.testng.reporters.JUnitReportReporter -->
<testsuite hostname="DESKTOP-HVSIN5A" failures="0" tests="1" name="com.tcsproject.SeleniumAutomation.LocatorsAssignment" time="10.156" errors="0" timestamp="2025-08-24T19:04:03 EDT" skipped="0">
  <testcase classname="com.tcsproject.SeleniumAutomation.LocatorsAssignment" name="testPliers" time="10.156"/>
</testsuite> <!-- com.tcsproject.SeleniumAutomation.LocatorsAssignment -->
