<?xml version="1.0" encoding="UTF-8"?>
<!-- Generated by org.testng.reporters.JUnitReportReporter -->
<testsuite hostname="DESKTOP-HVSIN5A" failures="0" tests="1" name="com.tcsproject.SeleniumAutomation.MyFirstSeleniumTest" time="4.005" errors="0" timestamp="2025-08-25T10:46:19 EDT" skipped="0">
  <testcase classname="com.tcsproject.SeleniumAutomation.MyFirstSeleniumTest" name="printElementWithDom" time="4.005"/>
</testsuite> <!-- com.tcsproject.SeleniumAutomation.MyFirstSeleniumTest -->
