<?xml version="1.0" encoding="UTF-8"?>
<!-- Generated by org.testng.reporters.JUnitReportReporter -->
<testsuite hostname="DESKTOP-HVSIN5A" failures="0" tests="1" name="dropdownselect.dropdownmultivalues$DropDownValues" time="3.111" errors="0" timestamp="2025-08-23T17:09:04 EDT" skipped="0">
  <testcase classname="dropdownselect.dropdownmultivalues$DropDownValues" name="testmyDD" time="3.111"/>
</testsuite> <!-- dropdownselect.dropdownmultivalues$DropDownValues -->
