<?xml version="1.0" encoding="UTF-8"?>
<!-- Generated by org.testng.reporters.JUnitReportReporter -->
<testsuite hostname="DESKTOP-HVSIN5A" failures="0" tests="1" name="com.tcsproject.SeleniumAutomation.PowerToolsTest" time="4.186" errors="0" timestamp="2025-08-24T22:09:13 EDT" skipped="0">
  <testcase classname="com.tcsproject.SeleniumAutomation.PowerToolsTest" name="testHammer" time="4.186"/>
</testsuite> <!-- com.tcsproject.SeleniumAutomation.PowerToolsTest -->
