<?xml version="1.0" encoding="UTF-8"?>
<!-- Generated by org.testng.reporters.JUnitReportReporter -->
<testsuite hostname="DESKTOP-HVSIN5A" failures="0" tests="1" name="com.tcsproject.SeleniumAutomation.MyFirstSeleniumTest" time="5.154" errors="0" timestamp="2025-08-22T18:54:08 EDT" skipped="0">
  <testcase classname="com.tcsproject.SeleniumAutomation.MyFirstSeleniumTest" name="dynamicContestTest" time="5.154"/>
</testsuite> <!-- com.tcsproject.SeleniumAutomation.MyFirstSeleniumTest -->
